00:00:00.000629 main     VirtualBox XPCOM Server 7.0.12 r159484 linux.amd64 (Oct 17 2023 12:57:12) release log
00:00:00.000631 main     Log opened 2023-12-12T15:15:16.355886000Z
00:00:00.000632 main     Build Type: release
00:00:00.000634 main     OS Product: Linux
00:00:00.000635 main     OS Release: 6.6.6-zen1-1-zen
00:00:00.000637 main     OS Version: #1 ZEN SMP PREEMPT_DYNAMIC Mon, 11 Dec 2023 11:47:45 +0000
00:00:00.000665 main     DMI Product Name: HP All-in-One 24-f0xx
00:00:00.000676 main     DMI Product Version: 
00:00:00.000680 main     Firmware type: UEFI
00:00:00.001606 main     Secure Boot: Disabled
00:00:00.001647 main     Host RAM: 7795MB (7.6GB) total, 6604MB (6.4GB) available
00:00:00.001650 main     Executable: /usr/lib/virtualbox/VBoxSVC
00:00:00.001650 main     Process ID: 1378
00:00:00.001651 main     Package type: LINUX_64BITS_GENERIC (OSE)
00:00:00.003710 main     IPC socket path: /tmp/.vbox-i027356-ipc/ipcd
00:00:00.112526 nspr-2   VirtualBox: object creation starts
00:00:00.113639 nspr-2   Home directory: '/home/i027356/.config/VirtualBox'
00:00:00.129845 nspr-2   NetIfAdpCtlOut: VBoxNetAdpCtl: Error while retrieving link speed for wlan0: VBoxNetAdpCtl: ioctl failed: Operation not supported
00:00:00.131767 nspr-2   HostDnsMonitor: initializing
00:00:00.131984 nspr-2   NAT: resolv.conf: nameserver 192.168.31.1
00:00:00.132002 nspr-2   HostDnsMonitor: updating information
00:00:00.132012 nspr-2   HostDnsMonitor: old information
00:00:00.132014 nspr-2     no server entries
00:00:00.132016 nspr-2     no domain set
00:00:00.132018 nspr-2     no search string entries
00:00:00.132019 nspr-2   HostDnsMonitor: new information
00:00:00.132021 nspr-2     server 1: 192.168.31.1
00:00:00.132023 nspr-2     no domain set
00:00:00.132025 nspr-2     no search string entries
00:00:00.136078 nspr-2   VD: VDInit finished with VINF_SUCCESS
00:00:00.136415 nspr-2   ERROR [COM]: aRC=NS_ERROR_FAILURE (0x80004005) aIID={aac6c7cb-a371-4c58-ab51-0616896b2f2c} aComponent={SystemPropertiesWrap} aText={Cannot determine default Guest Additions ISO location. Most likely they are not available}, preserve=false aResultDetail=0
00:00:00.137833 nspr-2   VirtualBox: object created
00:00:00.693678 nspr-2   Saving settings file "/home/i027356/.config/VirtualBox/VirtualBox.xml" with version "1.12-linux"
00:00:00.697524 nspr-2   Finished saving settings file "/home/i027356/.config/VirtualBox/VirtualBox.xml"
00:00:00.742774 nspr-4   Saving settings file "/home/i027356/.config/VirtualBox/VirtualBox.xml" with version "1.12-linux"
00:00:00.746502 nspr-4   Finished saving settings file "/home/i027356/.config/VirtualBox/VirtualBox.xml"
00:00:00.798290 nspr-2   WARNING [COM]: aRC=NS_ERROR_FAILURE (0x80004005) aIID={e54f6256-97a7-4947-8a78-10c013ddf4b8} aComponent={HostWrap} aText={VirtualBox is not currently allowed to access USB devices.  You can change this by adding your user to the 'vboxusers' group.  Please see the user manual for a more detailed explanation}, preserve=false aResultDetail=0
00:00:01.404608 nspr-4   Saving settings file "/home/i027356/.config/VirtualBox/VirtualBox.xml" with version "1.12-linux"
00:00:01.413428 nspr-4   Finished saving settings file "/home/i027356/.config/VirtualBox/VirtualBox.xml"
00:00:07.338731 nspr-3   Saving settings file "/home/i027356/.config/VirtualBox/VirtualBox.xml" with version "1.12-linux"
00:00:07.347370 nspr-3   Finished saving settings file "/home/i027356/.config/VirtualBox/VirtualBox.xml"
00:01:31.436452 main     VirtualBox: object deletion starts
00:01:31.437505 main     HostDnsMonitor: shutting down ...
00:01:31.438113 main     HostDnsMonitor: shut down
00:01:31.450423 Watcher  ERROR [COM]: aRC=E_ACCESSDENIED (0x80070005) aIID={7682d5eb-f00e-44f1-8ca2-99d08b1cd607} aComponent={VirtualBoxWrap} aText={The object is not ready}, preserve=false aResultDetail=0
00:01:31.450695 main     VirtualBox: object deleted
